Winner: 0
Reason: A tie - both Moves input files done without a winner

 ---------------------------------------
|   |   |   |   |   |   |   |   |   |   |
 ---------------------------------------
| P |   | S |   |   |   |   |   |   |   |
 ---------------------------------------
| R |   | P |   |   |   |   |   |   |   |
 ---------------------------------------
|   |   | S | B |   |   |   |   |   |   |
 ---------------------------------------
|   |   |   | B | F | F |   |   |   |   |
 ---------------------------------------
|   |   |   |   |   | B | r |   |   |   |
 ---------------------------------------
|   |   |   |   |   |   |   |   |   |   |
 ---------------------------------------
|   |   |   |   |   |   |   |   |   |   |
 ---------------------------------------
|   |   |   |   |   |   |   |   |   |   |
 ---------------------------------------
|   |   |   |   |   |   |   |   |   |   |
 ---------------------------------------

